2020-03-24 10:25:11,496 [INFO] Activator:176 - 


2020-03-24 10:25:11,498 [INFO] Activator:177 - !SESSION log4j initialized
2020-03-24 10:25:14,450 [INFO] ApplicationProperties:181 - Using Application install path: C:\ST\STM32CubeIDE_1.3.0\STM32CubeIDE\plugins\com.st.stm32cube.common.mx_5.6.0.202002181639
2020-03-24 10:25:14,459 [INFO] DbMcusXml:72 - Set database path to: C:\ST\STM32CubeIDE_1.3.0\STM32CubeIDE\plugins\com.st.stm32cube.common.mx_5.6.0.202002181639\\db\/mcu/
2020-03-24 10:25:14,462 [INFO] DbBoardsPdsc:54 - Set plugin database path to: C:\ST\STM32CubeIDE_1.3.0\STM32CubeIDE\plugins\com.st.stm32cube.common.mx_5.6.0.202002181639\\db\/plugins/boardmanager/
2020-03-24 10:25:14,463 [INFO] DbMcus:235 - Set plugin images path to: C:\ST\STM32CubeIDE_1.3.0\STM32CubeIDE\plugins\com.st.stm32cube.common.mx_5.6.0.202002181639\\db\/plugins/mcufinder/images/
2020-03-24 10:25:14,463 [INFO] DbBoards:232 - Set plugin images path to: C:\ST\STM32CubeIDE_1.3.0\STM32CubeIDE\plugins\com.st.stm32cube.common.mx_5.6.0.202002181639\\db\/plugins/mcufinder/images/
2020-03-24 10:25:14,467 [INFO] DbMcusAds:85 - Set database path to: C:\Users\pc\.stmcufinder\plugins\mcufinder//mcu/
2020-03-24 10:25:14,468 [INFO] DbMcusDocs:108 - Set database path to: C:\Users\pc\.stmcufinder\plugins\mcufinder//mcu/
2020-03-24 10:25:14,470 [INFO] DbMcusJson:61 - Set database path to: C:\Users\pc\.stmcufinder\plugins\mcufinder//mcu/
2020-03-24 10:25:14,470 [INFO] DbBoardsDocs:97 - Set database path to: C:\Users\pc\.stmcufinder\plugins\mcufinder//mcu/
2020-03-24 10:25:14,471 [INFO] DbBoardsJson:51 - Set database path to: C:\Users\pc\.stmcufinder\plugins\mcufinder//mcu/
2020-03-24 10:25:14,475 [INFO] CrossReferenceDbSqlite:197 - Set database path to: C:\Users\pc\.stmcufinder\plugins\mcufinder//mcu/cs/
2020-03-24 10:25:14,561 [INFO] RulesReader:52 - Compatibility file has been processed (208 Rules)
2020-03-24 10:25:14,649 [INFO] MicroXplorer:570 - Detected Java Version = 1.8.0_242
2020-03-24 10:25:14,650 [INFO] DbMcusXml:72 - Set database path to: C:\ST\STM32CubeIDE_1.3.0\STM32CubeIDE\plugins\com.st.stm32cube.common.mx_5.6.0.202002181639\\db\/mcu/
2020-03-24 10:25:14,650 [INFO] DbBoardsPdsc:54 - Set plugin database path to: C:\ST\STM32CubeIDE_1.3.0\STM32CubeIDE\plugins\com.st.stm32cube.common.mx_5.6.0.202002181639\\db\/plugins/boardmanager/
2020-03-24 10:25:14,650 [INFO] DbMcus:235 - Set plugin images path to: C:\ST\STM32CubeIDE_1.3.0\STM32CubeIDE\plugins\com.st.stm32cube.common.mx_5.6.0.202002181639\\db\/plugins/mcufinder/images/
2020-03-24 10:25:14,651 [INFO] DbBoards:232 - Set plugin images path to: C:\ST\STM32CubeIDE_1.3.0\STM32CubeIDE\plugins\com.st.stm32cube.common.mx_5.6.0.202002181639\\db\/plugins/mcufinder/images/
2020-03-24 10:25:14,651 [WARN] DbFile:36 - Overriding database path with different value: C:\Users\pc\.stmcufinder\plugins\mcufinder/ => C:\Users\pc\.stmcufinder\plugins\mcufinder
2020-03-24 10:25:14,651 [INFO] DbMcusAds:85 - Set database path to: C:\Users\pc\.stmcufinder\plugins\mcufinder//mcu/
2020-03-24 10:25:14,651 [WARN] DbFile:36 - Overriding database path with different value: C:\Users\pc\.stmcufinder\plugins\mcufinder/ => C:\Users\pc\.stmcufinder\plugins\mcufinder
2020-03-24 10:25:14,651 [INFO] DbMcusDocs:108 - Set database path to: C:\Users\pc\.stmcufinder\plugins\mcufinder//mcu/
2020-03-24 10:25:14,651 [WARN] DbFile:36 - Overriding database path with different value: C:\Users\pc\.stmcufinder\plugins\mcufinder/ => C:\Users\pc\.stmcufinder\plugins\mcufinder
2020-03-24 10:25:14,652 [INFO] DbMcusJson:61 - Set database path to: C:\Users\pc\.stmcufinder\plugins\mcufinder//mcu/
2020-03-24 10:25:14,652 [WARN] DbFile:36 - Overriding database path with different value: C:\Users\pc\.stmcufinder\plugins\mcufinder/ => C:\Users\pc\.stmcufinder\plugins\mcufinder
2020-03-24 10:25:14,652 [INFO] DbBoardsDocs:97 - Set database path to: C:\Users\pc\.stmcufinder\plugins\mcufinder//mcu/
2020-03-24 10:25:14,652 [WARN] DbFile:36 - Overriding database path with different value: C:\Users\pc\.stmcufinder\plugins\mcufinder/ => C:\Users\pc\.stmcufinder\plugins\mcufinder
2020-03-24 10:25:14,652 [INFO] DbBoardsJson:51 - Set database path to: C:\Users\pc\.stmcufinder\plugins\mcufinder//mcu/
2020-03-24 10:25:14,652 [WARN] DbFile:36 - Overriding database path with different value: C:\Users\pc\.stmcufinder\plugins\mcufinder/ => C:\Users\pc\.stmcufinder\plugins\mcufinder
2020-03-24 10:25:14,652 [WARN] DbFile:36 - Overriding database path with different value: C:\Users\pc\.stmcufinder\plugins\mcufinder/ => C:\Users\pc\.stmcufinder\plugins\mcufinder
2020-03-24 10:25:14,653 [INFO] CrossReferenceDbSqlite:197 - Set database path to: C:\Users\pc\.stmcufinder\plugins\mcufinder//mcu/cs/
2020-03-24 10:25:14,744 [INFO] MainPanel:181 - HeapMemory: 268435456
2020-03-24 10:25:14,796 [INFO] DbMcusXml:72 - Set database path to: C:\ST\STM32CubeIDE_1.3.0\STM32CubeIDE\plugins\com.st.stm32cube.common.mx_5.6.0.202002181639\\db\/mcu/
2020-03-24 10:25:14,796 [INFO] DbBoardsPdsc:54 - Set plugin database path to: C:\ST\STM32CubeIDE_1.3.0\STM32CubeIDE\plugins\com.st.stm32cube.common.mx_5.6.0.202002181639\\db\/plugins/boardmanager/
2020-03-24 10:25:14,797 [INFO] DbMcus:235 - Set plugin images path to: C:\ST\STM32CubeIDE_1.3.0\STM32CubeIDE\plugins\com.st.stm32cube.common.mx_5.6.0.202002181639\\db\/plugins/mcufinder/images/
2020-03-24 10:25:14,797 [INFO] DbBoards:232 - Set plugin images path to: C:\ST\STM32CubeIDE_1.3.0\STM32CubeIDE\plugins\com.st.stm32cube.common.mx_5.6.0.202002181639\\db\/plugins/mcufinder/images/
2020-03-24 10:25:14,797 [WARN] DbFile:36 - Overriding database path with different value: C:\Users\pc\.stmcufinder\plugins\mcufinder/ => C:\Users\pc\.stmcufinder\plugins\mcufinder
2020-03-24 10:25:14,797 [INFO] DbMcusAds:85 - Set database path to: C:\Users\pc\.stmcufinder\plugins\mcufinder//mcu/
2020-03-24 10:25:14,797 [WARN] DbFile:36 - Overriding database path with different value: C:\Users\pc\.stmcufinder\plugins\mcufinder/ => C:\Users\pc\.stmcufinder\plugins\mcufinder
2020-03-24 10:25:14,797 [INFO] DbMcusDocs:108 - Set database path to: C:\Users\pc\.stmcufinder\plugins\mcufinder//mcu/
2020-03-24 10:25:14,798 [WARN] DbFile:36 - Overriding database path with different value: C:\Users\pc\.stmcufinder\plugins\mcufinder/ => C:\Users\pc\.stmcufinder\plugins\mcufinder
2020-03-24 10:25:14,798 [INFO] DbMcusJson:61 - Set database path to: C:\Users\pc\.stmcufinder\plugins\mcufinder//mcu/
2020-03-24 10:25:14,798 [WARN] DbFile:36 - Overriding database path with different value: C:\Users\pc\.stmcufinder\plugins\mcufinder/ => C:\Users\pc\.stmcufinder\plugins\mcufinder
2020-03-24 10:25:14,798 [INFO] DbBoardsDocs:97 - Set database path to: C:\Users\pc\.stmcufinder\plugins\mcufinder//mcu/
2020-03-24 10:25:14,798 [WARN] DbFile:36 - Overriding database path with different value: C:\Users\pc\.stmcufinder\plugins\mcufinder/ => C:\Users\pc\.stmcufinder\plugins\mcufinder
2020-03-24 10:25:14,798 [INFO] DbBoardsJson:51 - Set database path to: C:\Users\pc\.stmcufinder\plugins\mcufinder//mcu/
2020-03-24 10:25:14,798 [WARN] DbFile:36 - Overriding database path with different value: C:\Users\pc\.stmcufinder\plugins\mcufinder/ => C:\Users\pc\.stmcufinder\plugins\mcufinder
2020-03-24 10:25:14,799 [WARN] DbFile:36 - Overriding database path with different value: C:\Users\pc\.stmcufinder\plugins\mcufinder/ => C:\Users\pc\.stmcufinder\plugins\mcufinder
2020-03-24 10:25:14,799 [INFO] CrossReferenceDbSqlite:197 - Set database path to: C:\Users\pc\.stmcufinder\plugins\mcufinder//mcu/cs/
2020-03-24 10:25:14,818 [INFO] ApplicationProperties:181 - Using Application install path: C:\ST\STM32CubeIDE_1.3.0\STM32CubeIDE\plugins\com.st.stm32cube.common.mx_5.6.0.202002181639
2020-03-24 10:25:14,820 [INFO] PluginManage:178 - Search for loadable plugins [exclusion list=, tutovideos]
2020-03-24 10:25:14,821 [INFO] PluginManage:292 - Check plugin analytics
2020-03-24 10:25:14,825 [INFO] PluginManage:342 - Loaded plugin analytics (category:tool,tabindex:-1)
2020-03-24 10:25:14,825 [INFO] PluginManage:292 - Check plugin clock
2020-03-24 10:25:14,834 [INFO] PluginManage:342 - Loaded plugin clock (category:base,tabindex:2)
2020-03-24 10:25:14,834 [INFO] PluginManage:292 - Check plugin ddr
2020-03-24 10:25:14,836 [INFO] PluginManage:342 - Loaded plugin ddr (category:tool,tabindex:6)
2020-03-24 10:25:14,836 [INFO] PluginManage:292 - Check plugin filemanager
2020-03-24 10:25:14,929 [INFO] PluginManage:342 - Loaded plugin filemanager (category:base,tabindex:10)
2020-03-24 10:25:14,929 [INFO] PluginManage:292 - Check plugin ipmanager
2020-03-24 10:25:14,939 [INFO] PluginManage:342 - Loaded plugin ipmanager (category:base,tabindex:5)
2020-03-24 10:25:14,939 [INFO] PluginManage:292 - Check plugin pinoutandconfiguration
2020-03-24 10:25:14,949 [INFO] PluginManage:342 - Loaded plugin pinoutandconfiguration (category:base,tabindex:1)
2020-03-24 10:25:14,949 [INFO] PluginManage:292 - Check plugin pinoutconfig
2020-03-24 10:25:14,974 [INFO] PluginManage:342 - Loaded plugin pinoutconfig (category:base,tabindex:0)
2020-03-24 10:25:14,974 [INFO] PluginManage:292 - Check plugin power
2020-03-24 10:25:14,982 [INFO] PluginManage:342 - Loaded plugin power (category:power,tabindex:4)
2020-03-24 10:25:14,983 [INFO] PluginManage:292 - Check plugin projectmanager
2020-03-24 10:25:14,998 [INFO] PluginManage:342 - Loaded plugin projectmanager (category:projectmanager,tabindex:3)
2020-03-24 10:25:14,998 [INFO] PluginManage:292 - Check plugin thirdparty
2020-03-24 10:25:15,052 [INFO] ThirdPartyDb:295 - Open Third Party DataBase File (C:/Users/pc/.stm32cubemx/plugins/thirdparty/db/thirdparties_db.xml) : 25 ms. number of Sw pack : 11
2020-03-24 10:25:15,061 [INFO] PluginManage:342 - Loaded plugin thirdparty (category:base,tabindex:-1)
2020-03-24 10:25:15,062 [INFO] PluginManage:292 - Check plugin tools
2020-03-24 10:25:15,064 [INFO] PluginManage:342 - Loaded plugin tools (category:base,tabindex:7)
2020-03-24 10:25:15,064 [INFO] PluginManage:292 - Check plugin tutovideos
2020-03-24 10:25:15,064 [INFO] PluginManage:347 - Ignore plugin tutovideos (category:base)
2020-03-24 10:25:15,064 [INFO] PluginManage:292 - Check plugin updater
2020-03-24 10:25:15,074 [INFO] PluginManage:342 - Loaded plugin updater (category:base,tabindex:12)
2020-03-24 10:25:15,075 [INFO] PluginManage:265 - PluginManage : Loaded plugins [12]
2020-03-24 10:25:15,244 [INFO] PinOutPanel:1420 - setPackage(No Configuration,No Configuration)
2020-03-24 10:25:15,345 [INFO] IPUIPlugin:65 - create IPUIPlugin
2020-03-24 10:25:15,345 [INFO] PluginManager:200 - loadIPPluginJar : add adc
2020-03-24 10:25:15,347 [INFO] IPUIPlugin:65 - create IPUIPlugin
2020-03-24 10:25:15,347 [INFO] PluginManager:200 - loadIPPluginJar : add aes
2020-03-24 10:25:15,349 [INFO] IPUIPlugin:65 - create IPUIPlugin
2020-03-24 10:25:15,349 [INFO] PluginManager:200 - loadIPPluginJar : add can
2020-03-24 10:25:15,350 [INFO] IPUIPlugin:65 - create IPUIPlugin
2020-03-24 10:25:15,350 [INFO] PluginManager:200 - loadIPPluginJar : add comp
2020-03-24 10:25:15,352 [INFO] IPUIPlugin:65 - create IPUIPlugin
2020-03-24 10:25:15,352 [INFO] PluginManager:200 - loadIPPluginJar : add cryp
2020-03-24 10:25:15,354 [INFO] IPUIPlugin:65 - create IPUIPlugin
2020-03-24 10:25:15,354 [INFO] PluginManager:200 - loadIPPluginJar : add dfsdm
2020-03-24 10:25:15,358 [INFO] IPUIPlugin:65 - create IPUIPlugin
2020-03-24 10:25:15,358 [INFO] PluginManager:200 - loadIPPluginJar : add dma
2020-03-24 10:25:15,360 [INFO] IPUIPlugin:65 - create IPUIPlugin
2020-03-24 10:25:15,360 [INFO] PluginManager:200 - loadIPPluginJar : add fatfs
2020-03-24 10:25:15,363 [INFO] IPUIPlugin:65 - create IPUIPlugin
2020-03-24 10:25:15,363 [INFO] PluginManager:200 - loadIPPluginJar : add fmc
2020-03-24 10:25:15,368 [INFO] IPUIPlugin:65 - create IPUIPlugin
2020-03-24 10:25:15,368 [INFO] PluginManager:200 - loadIPPluginJar : add freertos
2020-03-24 10:25:15,369 [INFO] IPUIPlugin:65 - create IPUIPlugin
2020-03-24 10:25:15,369 [INFO] PluginManager:200 - loadIPPluginJar : add genericplugin
2020-03-24 10:25:15,371 [INFO] IPUIPlugin:65 - create IPUIPlugin
2020-03-24 10:25:15,371 [INFO] PluginManager:200 - loadIPPluginJar : add gfxmmu
2020-03-24 10:25:15,375 [INFO] IPUIPlugin:65 - create IPUIPlugin
2020-03-24 10:25:15,375 [INFO] PluginManager:200 - loadIPPluginJar : add gic
2020-03-24 10:25:15,378 [INFO] IPUIPlugin:65 - create IPUIPlugin
2020-03-24 10:25:15,378 [INFO] PluginManager:200 - loadIPPluginJar : add gpio
2020-03-24 10:25:15,380 [INFO] IPUIPlugin:65 - create IPUIPlugin
2020-03-24 10:25:15,380 [INFO] PluginManager:200 - loadIPPluginJar : add gtzc
2020-03-24 10:25:15,381 [INFO] IPUIPlugin:65 - create IPUIPlugin
2020-03-24 10:25:15,382 [INFO] PluginManager:200 - loadIPPluginJar : add hash
2020-03-24 10:25:15,383 [INFO] IPUIPlugin:65 - create IPUIPlugin
2020-03-24 10:25:15,384 [INFO] PluginManager:200 - loadIPPluginJar : add i2c
2020-03-24 10:25:15,386 [INFO] IPUIPlugin:65 - create IPUIPlugin
2020-03-24 10:25:15,386 [INFO] PluginManager:200 - loadIPPluginJar : add i2s
2020-03-24 10:25:15,388 [INFO] IPUIPlugin:65 - create IPUIPlugin
2020-03-24 10:25:15,388 [INFO] PluginManager:200 - loadIPPluginJar : add ipddr
2020-03-24 10:25:15,389 [INFO] IPUIPlugin:65 - create IPUIPlugin
2020-03-24 10:25:15,389 [INFO] PluginManager:200 - loadIPPluginJar : add ltdc
2020-03-24 10:25:15,392 [INFO] IPUIPlugin:65 - create IPUIPlugin
2020-03-24 10:25:15,392 [INFO] PluginManager:200 - loadIPPluginJar : add mdma
2020-03-24 10:25:15,394 [INFO] IPUIPlugin:65 - create IPUIPlugin
2020-03-24 10:25:15,395 [INFO] PluginManager:200 - loadIPPluginJar : add nvic
2020-03-24 10:25:15,397 [INFO] IPUIPlugin:65 - create IPUIPlugin
2020-03-24 10:25:15,397 [INFO] PluginManager:200 - loadIPPluginJar : add opamp
2020-03-24 10:25:15,399 [INFO] IPUIPlugin:65 - create IPUIPlugin
2020-03-24 10:25:15,399 [INFO] PluginManager:200 - loadIPPluginJar : add pdm2pcm
2020-03-24 10:25:15,406 [INFO] IPUIPlugin:65 - create IPUIPlugin
2020-03-24 10:25:15,409 [INFO] PluginManager:200 - loadIPPluginJar : add plateformsettings
2020-03-24 10:25:15,410 [INFO] IPUIPlugin:65 - create IPUIPlugin
2020-03-24 10:25:15,411 [INFO] PluginManager:200 - loadIPPluginJar : add quadspi
2020-03-24 10:25:15,413 [INFO] IPUIPlugin:65 - create IPUIPlugin
2020-03-24 10:25:15,413 [INFO] PluginManager:200 - loadIPPluginJar : add resmgrutility
2020-03-24 10:25:15,415 [INFO] IPUIPlugin:65 - create IPUIPlugin
2020-03-24 10:25:15,415 [INFO] PluginManager:200 - loadIPPluginJar : add sai
2020-03-24 10:25:15,417 [INFO] IPUIPlugin:65 - create IPUIPlugin
2020-03-24 10:25:15,417 [INFO] PluginManager:200 - loadIPPluginJar : add spi
2020-03-24 10:25:15,420 [INFO] IPUIPlugin:65 - create IPUIPlugin
2020-03-24 10:25:15,420 [INFO] PluginManager:200 - loadIPPluginJar : add stm32_wpan
2020-03-24 10:25:15,421 [INFO] IPUIPlugin:65 - create IPUIPlugin
2020-03-24 10:25:15,421 [INFO] PluginManager:200 - loadIPPluginJar : add tim
2020-03-24 10:25:15,424 [INFO] IPUIPlugin:65 - create IPUIPlugin
2020-03-24 10:25:15,424 [INFO] PluginManager:200 - loadIPPluginJar : add touchsensing
2020-03-24 10:25:15,425 [INFO] IPUIPlugin:65 - create IPUIPlugin
2020-03-24 10:25:15,425 [INFO] PluginManager:200 - loadIPPluginJar : add tracer_emb
2020-03-24 10:25:15,427 [INFO] IPUIPlugin:65 - create IPUIPlugin
2020-03-24 10:25:15,427 [INFO] PluginManager:200 - loadIPPluginJar : add ts
2020-03-24 10:25:15,428 [INFO] IPUIPlugin:65 - create IPUIPlugin
2020-03-24 10:25:15,428 [INFO] PluginManager:200 - loadIPPluginJar : add tsc
2020-03-24 10:25:15,430 [INFO] IPUIPlugin:65 - create IPUIPlugin
2020-03-24 10:25:15,430 [INFO] PluginManager:200 - loadIPPluginJar : add ucpd
2020-03-24 10:25:15,432 [INFO] IPUIPlugin:65 - create IPUIPlugin
2020-03-24 10:25:15,432 [INFO] PluginManager:200 - loadIPPluginJar : add usart
2020-03-24 10:25:15,774 [INFO] BoardConnectionPanel:3472 - [DDR PANEL] STM32CubeIDE environment
2020-03-24 10:25:15,775 [INFO] MainDdrPanel:103 - [DDR PANEL] GETTER - cubeProgrammerPath is: null
2020-03-24 10:25:15,932 [FATAL] Updater:277 - Updater called before beeing initialized
2020-03-24 10:25:16,081 [FATAL] Updater:277 - Updater called before beeing initialized
2020-03-24 10:25:16,085 [INFO] PinOutPanel:1420 - setPackage(No Configuration,No Configuration)
2020-03-24 10:25:16,085 [FATAL] Updater:277 - Updater called before beeing initialized
2020-03-24 10:25:16,089 [INFO] BoardConnectionPanel:3472 - [DDR PANEL] STM32CubeIDE environment
2020-03-24 10:25:16,089 [INFO] MainDdrPanel:103 - [DDR PANEL] GETTER - cubeProgrammerPath is: C:\ST\STM32CubeIDE_1.3.0\STM32CubeIDE\plugins\com.st.stm32cube.ide.mcu.externaltools.cubeprogrammer.win32_1.3.0.202002181050\tools\bin
2020-03-24 10:25:16,094 [INFO] ProgrammerExecThread:148 - [ProgrammerAPI] CubeProgrammer command construction: C:\ST\STM32CubeIDE_1.3.0\STM32CubeIDE\plugins\com.st.stm32cube.ide.mcu.externaltools.cubeprogrammer.win32_1.3.0.202002181050\tools\bin\STM32_Programmer_CLI.exe -l
2020-03-24 10:25:16,295 [INFO] MainDdrPanel:93 - [DDR PANEL] SETTER - Set cubeProgrammerPath to: C:\ST\STM32CubeIDE_1.3.0\STM32CubeIDE\plugins\com.st.stm32cube.ide.mcu.externaltools.cubeprogrammer.win32_1.3.0.202002181050\tools\bin
2020-03-24 10:25:16,299 [INFO] Updater:886 - Updater Version found : 5.6.0
2020-03-24 10:25:16,312 [INFO] ApplicationProperties:181 - Using Application install path: C:\ST\STM32CubeIDE_1.3.0\STM32CubeIDE\plugins\com.st.stm32cube.common.mx_5.6.0.202002181639
2020-03-24 10:25:16,610 [INFO] MainUpdater:2230 - connection check result : 10
2020-03-24 10:25:16,611 [INFO] MainUpdater:236 - Updater Check For Update Now.
2020-03-24 10:25:16,611 [INFO] MicroXplorer:420 - Change Database Version : DB.5.0.60
2020-03-24 10:25:16,645 [INFO] CheckServerUpdateThread:92 - End of CheckServer Thread
2020-03-24 10:25:16,815 [INFO] MainUpdater:2230 - connection check result : 10
2020-03-24 10:25:16,816 [INFO] LogOutputStream:76 - [STDOUT_REDIRECT] Successfull proxy connection.
2020-03-24 10:25:16,907 [INFO] McuFinderGlobals:40 - Set McuFinder mode to 2 (CubeIDE integrated)
2020-03-24 10:25:16,917 [INFO] FinderPluginLoader:86 - Searching for filters in installed packs
2020-03-24 10:25:16,918 [INFO] DbMcusXml:110 - Load MCU database from C:\ST\STM32CubeIDE_1.3.0\STM32CubeIDE\plugins\com.st.stm32cube.common.mx_5.6.0.202002181639\\db\/mcu/families.xml
2020-03-24 10:25:17,569 [INFO] DbMcusJson:90 - JSON generation date=Tue Feb 11 16:02:54 CET 2020 (1581433374)
2020-03-24 10:25:18,086 [INFO] DbMcus:171 - Found 1670 MCUs (1625 are supported by CubeMX, 1625 are visible in CubeMX)
2020-03-24 10:25:18,087 [INFO] ApiDb:158 - Load user favorites file C:\Users\pc/.stm32cubeide/favorites.mcus.txt: 0 item(s)
2020-03-24 10:25:18,087 [INFO] ApiDb:163 - User favorites MCUs=[]
2020-03-24 10:25:18,087 [INFO] DbMcus:183 - Set 0 / 0 favorites MCUs
2020-03-24 10:25:18,114 [INFO] ThirdPartyDb:261 - Close Third Party DataBase File (C:/Users/pc/.stm32cubemx/plugins/thirdparty/db/thirdparties_db.xml)
2020-03-24 10:25:18,170 [INFO] IntegrityCheckThread:98 - End integrity checks thread
2020-03-24 10:25:18,764 [INFO] DbMcusAds:143 - JSON generation date=Wed Feb 20 17:46:15 CET 2019 (1550681175)
2020-03-24 10:25:18,766 [INFO] LoadUrlFilesThread:161 - End of LoadServerUrlFiles without Thread
2020-03-24 10:25:18,776 [INFO] McuDetailPanel:181 - Set advertising image to C:/Users/pc/STM32Cube/Repository/\PRSTM32MP10219-01-med.jpg
2020-03-24 10:25:19,079 [INFO] McuFilterPanel:249 - Update 0 favorites MCUs
2020-03-24 10:25:19,161 [INFO] DbBoardsPdsc:92 - Found 22 items
2020-03-24 10:25:19,163 [INFO] DbBoardsPdsc:92 - Found 9 items
2020-03-24 10:25:19,165 [INFO] DbBoardsPdsc:92 - Found 28 items
2020-03-24 10:25:19,166 [INFO] DbBoardsPdsc:92 - Found 1 items
2020-03-24 10:25:19,170 [INFO] DbBoardsPdsc:92 - Found 40 items
2020-03-24 10:25:19,175 [INFO] DbBoardsPdsc:92 - Found 39 items
2020-03-24 10:25:19,176 [INFO] DbBoardsPdsc:92 - Found 2 items
2020-03-24 10:25:19,177 [INFO] DbBoardsPdsc:92 - Found 4 items
2020-03-24 10:25:19,182 [WARN] DbBoardsPdsc:256 - Board STM32H7B3I-DK: unknown feature type=Audio, name=, username=Audio stereo codec with Headphone Amp (CS42L51-CNZ), n=1
2020-03-24 10:25:19,182 [WARN] DbBoardsPdsc:256 - Board STM32H7B3I-DK: unknown feature type=WIFI, name=, username=WIFI 802.11 b/g/n, n=1
2020-03-24 10:25:19,184 [WARN] DbBoardsPdsc:256 - Board STM32H7B3I-EVAL: unknown feature type=Audio, name=, username=Multi-Channel Audio Codec (CS42L51-CNZ), n=1
2020-03-24 10:25:19,184 [WARN] DbBoardsPdsc:256 - Board STM32H7B3I-EVAL: unknown feature type=Meter, name=, username=Power-metering and Temperature-monitoring with sigma-delta modulators, n=1
2020-03-24 10:25:19,184 [WARN] DbBoardsPdsc:256 - Board STM32H7B3I-EVAL: unknown feature type=WIFI, name=, username=WIFI 802.11 a/b/g/n, n=1
2020-03-24 10:25:19,184 [WARN] DbBoardsPdsc:256 - Board STM32H7B3I-EVAL: unknown feature type=Motor, name=, username=Motor Control, n=1
2020-03-24 10:25:19,195 [INFO] DbBoardsJson:80 - JSON generation date=Tue Feb 11 14:53:55 CET 2020 (1581429235)
2020-03-24 10:25:19,201 [INFO] DbBoards:120 - Found 145 boards (142 are supported by CubeMX)
2020-03-24 10:25:19,227 [INFO] DbBoardsDocs:131 - JSON generation date=Tue Feb 11 16:02:54 CET 2020 (1581433374)
2020-03-24 10:25:19,237 [INFO] DbBoardsDocs:70 - Found 173 boards documents
2020-03-24 10:25:19,238 [WARN] DbBoards:130 - board NUCLEO-H743ZI2 has no document id list !
2020-03-24 10:25:19,238 [WARN] DbBoards:130 - board NUCLEO-L4P5ZG has no document id list !
2020-03-24 10:25:19,239 [WARN] DbBoards:130 - board P-NUCLEO-WB55-Nucleo has no document id list !
2020-03-24 10:25:19,239 [WARN] DbBoards:130 - board P-NUCLEO-WB55-USBDongle has no document id list !
2020-03-24 10:25:19,239 [WARN] DbBoards:130 - board NUCLEO-WB35CE has no document id list !
2020-03-24 10:25:19,240 [WARN] DbBoards:130 - board STM32F401C-DISCO has no document id list !
2020-03-24 10:25:19,240 [WARN] DbBoards:130 - board STM32F769I-DISC1 has no document id list !
2020-03-24 10:25:19,240 [WARN] DbBoards:130 - board STM32L-DISCOVERY has no document id list !
2020-03-24 10:25:19,241 [WARN] DbBoards:130 - board STM32H747I-DISC1 has no document id list !
2020-03-24 10:25:19,241 [WARN] DbBoards:130 - board STM32MP157A-DK1 has no document id list !
2020-03-24 10:25:19,242 [WARN] DbBoards:130 - board STM32L4P5G-DK has no document id list !
2020-03-24 10:25:19,242 [WARN] DbBoards:130 - board STM32100E-EVAL has no document id list !
2020-03-24 10:25:19,242 [WARN] DbBoards:130 - board STM32303C-EVAL has no document id list !
2020-03-24 10:25:19,242 [WARN] DbBoards:130 - board STM32L152D-EVAL has no document id list !
2020-03-24 10:25:19,242 [WARN] DbBoards:130 - board STM32H743I-EVAL2 has no document id list !
2020-03-24 10:25:19,243 [WARN] DbBoards:130 - board STM32H753I-EVAL2 has no document id list !
2020-03-24 10:25:19,243 [WARN] DbBoards:130 - board STM32G474E-EVAL1 has no document id list !
2020-03-24 10:25:19,243 [WARN] DbBoards:130 - board STEVAL-BFA001V1B has no document id list !
2020-03-24 10:25:19,243 [WARN] DbBoards:130 - board STEVAL-BFA001V2B has no document id list !
2020-03-24 10:25:19,243 [WARN] DbBoards:130 - board STEVAL-MKSBOX1V1 has no document id list !
2020-03-24 10:25:19,243 [WARN] DbBoards:130 - board STEVAL-STWINKT1 has no document id list !
2020-03-24 10:25:19,244 [WARN] DbBoards:130 - board STEVAL-IDP005V1 has no document id list !
2020-03-24 10:25:19,244 [WARN] DbBoards:130 - board STEVAL-IDP005V2 has no document id list !
2020-03-24 10:25:20,185 [INFO] ApiDb:158 - Load user favorites file C:\Users\pc/.stm32cubeide/favorites.boards.txt: 0 item(s)
2020-03-24 10:25:20,185 [INFO] ApiDb:163 - User favorites Boards=[]
2020-03-24 10:25:20,185 [INFO] DbBoards:209 - Set 0 / 0 favorites Boards
2020-03-24 10:25:20,240 [INFO] LoadUrlFilesThread:161 - End of LoadServerUrlFiles without Thread
2020-03-24 10:25:20,241 [INFO] BoardDetailPanel:180 - Set advertising image to C:/Users/pc/STM32Cube/Repository/\PRSTM32MP10219-01-med.jpg
2020-03-24 10:25:20,260 [INFO] BoardFilterPanel:211 - Update 0 favorites Boards
2020-03-24 10:25:20,429 [INFO] CrossSelectorPresenter:1319 - Cross Selector saved comparison directory: C:\Users\pc\.stmcufinder\plugins\mcufinder\mcu\cs_comparisons_mx
2020-03-24 10:25:46,034 [INFO] LogOutputStream:76 - [STDOUT_REDIRECT] withoutVersionV1.16.0
2020-03-24 10:25:51,297 [INFO] LogOutputStream:76 - [STDOUT_REDIRECT] File copied successfully!!
2020-03-24 10:25:53,636 [INFO] MainUpdater:2230 - connection check result : 10
2020-03-24 10:25:53,664 [INFO] MicroXplorer:390 - Change Database Path : 
2020-03-24 10:25:53,664 [INFO] MicroXplorer:420 - Change Database Version : DB.5.0.60
2020-03-24 10:25:53,666 [INFO] PinOutPanel:1420 - setPackage(No Configuration,No Configuration)
2020-03-24 10:25:53,666 [INFO] UtilMem:74 - Begin LoadConfig() Used Memory: 342138296 Bytes (612368384)
2020-03-24 10:25:53,667 [INFO] OpenFileManager:274 - Change cursor
2020-03-24 10:25:56,055 [INFO] Rule:211 - rule SPDIFRX instance for mcu is applicable
2020-03-24 10:25:56,055 [INFO] Rule:211 - rule Rename Tracer Mode is applicable
2020-03-24 10:25:56,055 [INFO] Rule:211 - rule SPDIFRX instance value for IP SPDIFRX is applicable
2020-03-24 10:25:56,055 [INFO] Rule:211 - rule SPDIFRX instance for signal is applicable
2020-03-24 10:25:56,055 [INFO] Rule:211 - rule SPDIFRX instance for project manager is applicable
2020-03-24 10:25:56,056 [INFO] Rule:211 - rule SPDIFRX instance for project manager is applicable
2020-03-24 10:25:56,056 [INFO] Rule:211 - rule ADC Scan  fix with FW F7 is applicable
2020-03-24 10:25:56,056 [INFO] Rule:211 - rule ADC Scan  fix with FW F7 is applicable
2020-03-24 10:25:56,056 [INFO] Rule:211 - rule Rename DIE462/DIE415 pin PC14/OSC32_IN -> PC14-OSC32_IN (PC14) is applicable
2020-03-24 10:25:56,056 [INFO] Rule:211 - rule Rename DIE462/DIE415 pin PC15/OSC32_OUT -> PC15-OSC32_OUT (PC15) is applicable
2020-03-24 10:25:56,056 [INFO] Rule:211 - rule Rename DIE462/DIE415 pin PH0/OSC_IN -> PH0-OSC_IN (PH0) is applicable
2020-03-24 10:25:56,056 [INFO] Rule:211 - rule Rename DIE462/DIE415 pin PH1/OSC_OUT -> PH1-OSC_OUT (PH1) is applicable
2020-03-24 10:25:56,056 [INFO] Rule:211 - rule Rename DIE462 pin PA13 -> PA13 (JTMS/SWDIO) is applicable
2020-03-24 10:25:56,056 [INFO] Rule:211 - rule Rename DIE415 pin PA13 -> PA13 (JTMS/SWDIO) is applicable
2020-03-24 10:25:56,057 [INFO] Rule:211 - rule Rename DIE462 pin PA14 -> PA14 (JTCK/SWCLK) is applicable
2020-03-24 10:25:56,057 [INFO] Rule:211 - rule Rename DIE415 pin PA14 -> PA14 (JTCK/SWCLK) is applicable
2020-03-24 10:25:56,057 [INFO] Rule:211 - rule Rename DIE462/DIE415 pin PA15 -> PA15 (JTDI) is applicable
2020-03-24 10:25:56,057 [INFO] Rule:211 - rule Rename DIE462 pin PB3 -> PB3 (JTD0/TRACESWO) is applicable
2020-03-24 10:25:56,057 [INFO] Rule:211 - rule Rename DIE415 pin PB3 -> PB3 (JTD0-TRACESWO) is applicable
2020-03-24 10:25:56,057 [INFO] Rule:211 - rule Rename DIE462/DIE415 pin PB4 -> PB4 (NJTRST) is applicable
2020-03-24 10:25:56,057 [INFO] Rule:211 - rule Rename DIE462 pin PH3/BOOT0 -> PH3-BOOT0 (BOOT0) is applicable
2020-03-24 10:25:56,057 [INFO] Rule:211 - rule Rename CRYP DataEncryptionTypesList to Algorithm is applicable
2020-03-24 10:25:56,057 [INFO] Rule:211 - rule Rename AES DataEncryptionTypesList to Algorithm is applicable
2020-03-24 10:25:56,057 [INFO] Rule:211 - rule Rename TDESECB to CRYP_TDES_ECB is applicable
2020-03-24 10:25:56,057 [INFO] Rule:211 - rule Rename TDESCBC to CRYP_TDES_CBC is applicable
2020-03-24 10:25:56,057 [INFO] Rule:211 - rule Rename DESECB to CRYP_DES_ECB is applicable
2020-03-24 10:25:56,057 [INFO] Rule:211 - rule Rename DESCBC to CRYP_DES_CBC is applicable
2020-03-24 10:25:56,058 [INFO] Rule:211 - rule Rename AESECB to CRYP_AES_ECB is applicable
2020-03-24 10:25:56,058 [INFO] Rule:211 - rule Rename AESCBC to CRYP_AES_CBC is applicable
2020-03-24 10:25:56,058 [INFO] Rule:211 - rule Rename AESCTR to CRYP_AES_CTR is applicable
2020-03-24 10:25:56,058 [INFO] Rule:211 - rule Rename AESGCM to CRYP_AES_GCM is applicable
2020-03-24 10:25:56,058 [INFO] Rule:211 - rule Rename AESCCM to CRYP_AES_CCM is applicable
2020-03-24 10:25:56,058 [INFO] Rule:211 - rule Rename CAN TimeSeg1 to BS1 is applicable
2020-03-24 10:25:56,058 [INFO] Rule:211 - rule Rename CAN TimeSeg2 to BS2 is applicable
2020-03-24 10:25:56,058 [INFO] Rule:211 - rule Rename CAN SyncJumpWidth to SJW is applicable
2020-03-24 10:25:56,058 [INFO] Rule:211 - rule TimeTriggeredMode to TTCM is applicable
2020-03-24 10:25:56,058 [INFO] Rule:211 - rule Rename CAN AutoBusOff to ABOM is applicable
2020-03-24 10:25:56,058 [INFO] Rule:211 - rule Rename CAN AutoWakeUp to AWUM is applicable
2020-03-24 10:25:56,058 [INFO] Rule:211 - rule Rename CAN AutoRetransmission to NART is applicable
2020-03-24 10:25:56,058 [INFO] Rule:211 - rule Rename CAN ReceiveFifoLocked to RFLM is applicable
2020-03-24 10:25:56,059 [INFO] Rule:211 - rule Rename CAN TransmitFifoPriority to TXFP is applicable
2020-03-24 10:25:56,059 [INFO] Rule:211 - rule Rename HRTIMER HRTIM_OUTPUTFAULTLEVEL_HIGH in HRTIMER HRTIM_OUTPUTFAULTLEVEL_HIGHZ is applicable
2020-03-24 10:25:56,059 [INFO] Rule:211 - rule Rename TIMER TIM_CLEARINPUTSOURCE_OCREFCLR in  TIMER TIM_CLEARINPUTSOURCE_NONE for F7 family is applicable
2020-03-24 10:25:56,059 [INFO] Rule:211 - rule FDCAN_R1 - Rename FDCAN mode Master into Classic is applicable
2020-03-24 10:25:56,059 [INFO] Rule:211 - rule FDCAN_R2 - Rename FDCAN mode Slave into Classic is applicable
2020-03-24 10:25:56,059 [INFO] Rule:211 - rule FDCAN1_R3 - if PA10.Mode=FullDuplex, add Pin PA12 is applicable
2020-03-24 10:25:56,059 [INFO] Rule:211 - rule FDCAN1_R3 - if PA9.Mode=FullDuplex, add Pin PA11 is applicable
2020-03-24 10:25:56,059 [INFO] Rule:211 - rule FDCAN1_R3 - Alternatepin_1 - if PE1.Mode=FullDuplex, add Pin PB9 is applicable
2020-03-24 10:25:56,059 [INFO] Rule:211 - rule FDCAN1_R3 - Alternatepin_1 - if PE0.Mode=FullDuplex, add Pin PB8 is applicable
2020-03-24 10:25:56,059 [INFO] Rule:211 - rule FDCAN1_R3 - Alternatepin_2 - if PD5.Mode=FullDuplex, add Pin PD1 is applicable
2020-03-24 10:25:56,059 [INFO] Rule:211 - rule FDCAN1_R3 - Alternatepin_2 - if PD4.Mode=FullDuplex, add Pin PD0 is applicable
2020-03-24 10:25:56,059 [INFO] Rule:211 - rule FDCAN1_R4 - Rename Mode FullDuplex into Enable FDCAN_TXFD for pin PA10 is applicable
2020-03-24 10:25:56,060 [INFO] Rule:211 - rule FDCAN1_R4 - Rename Mode FullDuplex into Enable FDCAN_TXFD for pin PA9 is applicable
2020-03-24 10:25:56,060 [INFO] Rule:211 - rule FDCAN1_R4 - Alternatepin_1 - Rename Mode FullDuplex into Enable FDCAN_TXFD for pin PE1 is applicable
2020-03-24 10:25:56,060 [INFO] Rule:211 - rule FDCAN1_R4 - Alternatepin_1 - Rename Mode FullDuplex into Enable FDCAN_TXFD for pin PE0 is applicable
2020-03-24 10:25:56,060 [INFO] Rule:211 - rule FDCAN1_R4 - Alternatepin_2 - Rename Mode FullDuplex into Enable FDCAN_TXFD for pin PD5 is applicable
2020-03-24 10:25:56,060 [INFO] Rule:211 - rule FDCAN1_R4 - Alternatepin_2 - Rename Mode FullDuplex into Enable FDCAN_TXFD for pin PD4 is applicable
2020-03-24 10:25:56,060 [INFO] Rule:211 - rule FDCAN2_R3 - if PD10.Mode=FullDuplex, add Pin PB13 is applicable
2020-03-24 10:25:56,060 [INFO] Rule:211 - rule FDCAN2_R3 - if PD9.Mode=FullDuplex, add Pin PB12 is applicable
2020-03-24 10:25:56,060 [INFO] Rule:211 - rule FDCAN2_R3 - Alternatepin_1 - if PB7.Mode=FullDuplex, add Pin PB6 is applicable
2020-03-24 10:25:56,060 [INFO] Rule:211 - rule FDCAN2_R3 - Alternatepin_1 - if PD9.Mode=FullDuplex, add Pin PB12 is applicable
2020-03-24 10:25:56,060 [INFO] Rule:211 - rule FDCAN2_R4 - Rename Mode FullDuplex into Enable FDCAN_TXFD for pin PD10 is applicable
2020-03-24 10:25:56,060 [INFO] Rule:211 - rule FDCAN2_R4 - Rename Mode FullDuplex into Enable FDCAN_TXFD for pin PD9 is applicable
2020-03-24 10:25:56,060 [INFO] Rule:211 - rule FDCAN2_R4 - Alternatepin_1 - Rename Mode FullDuplex into Enable FDCAN_TXFD for pin PB7 is applicable
2020-03-24 10:25:56,060 [INFO] Rule:211 - rule FDCAN2_R4 - Alternatepin_1 - Rename Mode FullDuplex into Enable FDCAN_TXFD for pin PD6 is applicable
2020-03-24 10:25:56,060 [INFO] Rule:211 - rule USART TxPinLevelInvertParam Mode is applicable
2020-03-24 10:25:56,061 [INFO] Rule:211 - rule USART RxPinLevelInvertParam Mode is applicable
2020-03-24 10:25:56,061 [INFO] Rule:211 - rule USART DataInvertParam Mode is applicable
2020-03-24 10:25:56,061 [INFO] Rule:211 - rule USART SwapParam Mode is applicable
2020-03-24 10:25:56,061 [INFO] Rule:211 - rule USART OverrunDisableParam Mode is applicable
2020-03-24 10:25:56,061 [INFO] Rule:211 - rule USART DMADisableonRxErrorParam Mode is applicable
2020-03-24 10:25:56,061 [INFO] Rule:211 - rule USART MSBFirstParam Mode is applicable
2020-03-24 10:25:56,061 [INFO] Rule:211 - rule Update MwName for USB_DEVICE is applicable
2020-03-24 10:25:56,061 [INFO] Rule:211 - rule Change PWR_Regulator_Voltage_Scale Default Value for RCC  H7 family is applicable
2020-03-24 10:25:56,061 [INFO] Rule:211 - rule UART/USART IPParameter rename Prescaler parameter to ClockPrescaler is applicable
2020-03-24 10:25:56,061 [INFO] Rule:211 - rule UART/USART Prescaler rename Prescaler parameter to ClockPrescaler is applicable
2020-03-24 10:25:56,061 [INFO] Rule:211 - rule TIM1CLockSelection is applicable
2020-03-24 10:25:56,061 [INFO] Rule:211 - rule TIM15CLockSelection is applicable
2020-03-24 10:25:56,061 [INFO] Rule:211 - rule align RCC SDMMC3CLockSelection default value on MP1 is applicable
2020-03-24 10:25:56,062 [INFO] Rule:211 - rule align RCC SDMMC12CLockSelection default value on MP1 is applicable
2020-03-24 10:25:56,062 [INFO] Rule:211 - rule align RCC QSPICLockSelection default value on MP1 is applicable
2020-03-24 10:25:56,062 [INFO] Rule:211 - rule align RCC QSPICLockSelection default value on MP1 is applicable
2020-03-24 10:25:56,062 [INFO] Rule:211 - rule align RCC SPI6CLockSelection default value on MP1 is applicable
2020-03-24 10:25:56,062 [INFO] Rule:211 - rule align RCC LPTIM23CLockSelection default value on MP1 is applicable
2020-03-24 10:25:56,062 [INFO] Rule:211 - rule align RCC LPTIM1CLockSelection default value on MP1 is applicable
2020-03-24 10:25:56,062 [INFO] Rule:211 - rule align RCC USART1CLockSelection default value on MP1 is applicable
2020-03-24 10:25:56,062 [INFO] Rule:211 - rule align RCC USART24CLockSelection default value on MP1 is applicable
2020-03-24 10:25:56,062 [INFO] Rule:211 - rule align RCC USART6CLockSelection default value on MP1 is applicable
2020-03-24 10:25:56,062 [INFO] Rule:211 - rule align RCC UART78CLockSelection default value on MP1 is applicable
2020-03-24 10:25:56,062 [INFO] Rule:211 - rule align RCC USART35CLockSelection default value on MP1 is applicable
2020-03-24 10:25:56,062 [INFO] Rule:211 - rule align RCC SPI45CLockSelection default value on MP1 is applicable
2020-03-24 10:25:56,062 [INFO] Rule:211 - rule align RCC I2C46CLockSelection BCLK value on MP1 is applicable
2020-03-24 10:25:56,063 [INFO] Rule:211 - rule align RCC SPI45CLockSelection default value on MP1 is applicable
2020-03-24 10:25:56,063 [INFO] Rule:211 - rule align RCC I2C12CLockSelection default value on MP1 is applicable
2020-03-24 10:25:56,063 [INFO] Rule:211 - rule align RCC I2C35CLockSelection default value on MP1 is applicable
2020-03-24 10:25:56,063 [INFO] Rule:211 - rule align RCC LPTIM45CLockSelection default value on MP1 is applicable
2020-03-24 10:25:56,063 [INFO] Rule:211 - rule Rename DCMI PIXCK signal is applicable
2020-03-24 10:25:56,063 [INFO] Rule:211 - rule Change Default Value for I2C46CLockSelection MP1 family is applicable
2020-03-24 10:25:56,063 [INFO] Rule:211 - rule Change Default Value for UART for G4, G0 and WB families is applicable
2020-03-24 10:25:56,063 [INFO] Rule:211 - rule Change Default Value for USART for G4, G0 and WB families is applicable
2020-03-24 10:25:56,063 [INFO] Rule:211 - rule Change Default Value for USART for G4 family is applicable
2020-03-24 10:25:56,063 [INFO] Rule:211 - rule Change USART1CLockSelection refparam name for MP1 is applicable
2020-03-24 10:25:56,063 [INFO] Rule:211 - rule Change USART2CLockSelection refparam name for MP1 is applicable
2020-03-24 10:25:56,063 [INFO] Rule:211 - rule Change USART3CLockSelection refparam name for MP1 is applicable
2020-03-24 10:25:56,063 [INFO] Rule:211 - rule Change UART4CLockSelection refparam name for MP1 is applicable
2020-03-24 10:25:56,064 [INFO] Rule:211 - rule Change UART5CLockSelection refparam name for MP1 is applicable
2020-03-24 10:25:56,064 [INFO] Rule:211 - rule Change LPUART1CLockSelection refparam name for MP1 is applicable
2020-03-24 10:25:56,064 [INFO] Rule:211 - rule Change LPTIM1CLockSelection refparam name for MP1 is applicable
2020-03-24 10:25:56,064 [INFO] Rule:211 - rule Change LPTIM2CLockSelection refparam name for MP1 is applicable
2020-03-24 10:25:56,064 [INFO] Rule:211 - rule Change RCC_MCO1Source refparam name for MP1 is applicable
2020-03-24 10:25:56,064 [INFO] Rule:211 - rule Change LSCOSource1 refparam name for MP1 is applicable
2020-03-24 10:25:56,064 [INFO] Rule:211 - rule Change SMPSCLockSelection refparam name for MP1 is applicable
2020-03-24 10:25:56,064 [INFO] Rule:211 - rule Change LPTIM3CLockSelection refparam name for MP1 is applicable
2020-03-24 10:25:56,064 [INFO] Rule:211 - rule Change MPCBB* Default Template Mode to Parameters is applicable
2020-03-24 10:25:56,064 [INFO] Rule:211 - rule Change MPCWM* or MPCBB* Secure Mode to Parameters is applicable
2020-03-24 10:25:56,064 [INFO] Rule:211 - rule Change MPCWM* or MPCBB* No Secure Mode to Parameters is applicable
2020-03-24 10:25:56,064 [INFO] Rule:211 - rule Change TZSC IP Secure Mode to Parameters is applicable
2020-03-24 10:25:56,065 [INFO] Rule:211 - rule Change TZSC IP No Secure Mode to Parameters is applicable
2020-03-24 10:25:56,065 [INFO] Rule:211 - rule Change TZSC IP Privilege Mode to Parameters is applicable
2020-03-24 10:25:56,065 [INFO] Rule:211 - rule Change TZSC IP No Privilege Mode to Parameters is applicable
2020-03-24 10:25:56,065 [INFO] Rule:211 - rule Change TZIC IT Secure Mode to Parameters is applicable
2020-03-24 10:25:56,065 [INFO] Rule:211 - rule Change TZIC IT No Secure Mode to Parameters is applicable
2020-03-24 10:25:56,065 [INFO] Rule:211 - rule Add MPCBB1_NonSecureArea_Start_Address value with referenced to MPCBB1_NonSecureArea_Start value is applicable
2020-03-24 10:25:56,065 [INFO] Rule:211 - rule Add MPCBB2_NonSecureArea_Start_Address value with referenced to MPCBB2_NonSecureArea_Start value is applicable
2020-03-24 10:25:56,065 [INFO] Rule:211 - rule Add MPCWM1_NonSecureArea*_Start_Address value with referenced to MPCWM1_NonSecureArea*_Start value is applicable
2020-03-24 10:25:56,065 [INFO] Rule:211 - rule Add MPCWM2_NonSecureArea*_Start_Address value with referenced to MPCWM2_NonSecureArea*_Start value is applicable
2020-03-24 10:25:56,065 [INFO] Rule:211 - rule Add MPCWM3_NonSecureArea_Start_Address value with referenced to MPCWM3_NonSecureArea_Start value is applicable
2020-03-24 10:25:56,065 [INFO] Rule:211 - rule Change Default Value for PLL1UserDefinedConfig is applicable
2020-03-24 10:25:56,065 [INFO] Rule:211 - rule Change GPIO_PuPd Default Value for USART in async mode is applicable
2020-03-24 10:25:56,065 [INFO] Rule:211 - rule Change SMPSDivider Default Value is applicable
2020-03-24 10:25:56,078 [INFO] DbConfProperties:294 - Apply Compatibility (30/130 Rules)
2020-03-24 10:25:56,097 [INFO] ImportTextPane:162 - (OptionalMessage_ERROR) Unable to find key (Mcu.ThirdPartyNb) in loaded IOC file
2020-03-24 10:25:56,146 [INFO] ImportTextPane:162 - (OptionalMessage_ERROR) IP (RCC) : Invalid parameter (48MHZClocksFreq_Value)
2020-03-24 10:25:56,146 [INFO] ImportTextPane:162 - (OptionalMessage_ERROR) IP (RCC) : Invalid parameter (ADC12outputFreq_Value)
2020-03-24 10:25:56,146 [INFO] ImportTextPane:162 - (OptionalMessage_ERROR) IP (RCC) : Invalid parameter (ADC34outputFreq_Value)
2020-03-24 10:25:56,147 [INFO] ImportTextPane:162 - (OptionalMessage_ERROR) IP (RCC) : Invalid parameter (FamilyName)
2020-03-24 10:25:56,147 [INFO] ImportTextPane:162 - (OptionalMessage_ERROR) IP (RCC) : Invalid parameter (I2SClocksFreq_Value)
2020-03-24 10:25:56,147 [INFO] ImportTextPane:162 - (OptionalMessage_ERROR) IP (RCC) : Invalid parameter (MCOFreq_Value)
2020-03-24 10:25:56,147 [INFO] ImportTextPane:162 - (OptionalMessage_ERROR) IP (RCC) : Invalid parameter (PLLMCOFreq_Value)
2020-03-24 10:25:56,147 [INFO] ImportTextPane:162 - (OptionalMessage_ERROR) IP (RCC) : Invalid parameter (PLLMUL)
2020-03-24 10:25:56,148 [INFO] ImportTextPane:162 - (OptionalMessage_ERROR) IP (RCC) : Invalid parameter (PRESCALERUSB)
2020-03-24 10:25:56,148 [INFO] ImportTextPane:162 - (OptionalMessage_ERROR) IP (RCC) : Invalid parameter (RTCHSEDivFreq_Value)
2020-03-24 10:25:56,148 [INFO] ImportTextPane:162 - (OptionalMessage_ERROR) IP (RCC) : Parameter (SDMMCFreq_Value) has invalid value (72000000)
2020-03-24 10:25:56,148 [INFO] ImportTextPane:162 - (OptionalMessage_ERROR) IP (RCC) : Invalid parameter (SYSCLKSourceVirtual)
2020-03-24 10:25:56,148 [INFO] ImportTextPane:162 - (OptionalMessage_ERROR) IP (RCC) : Invalid parameter (TIM15Freq_Value)
2020-03-24 10:25:56,148 [INFO] ImportTextPane:162 - (OptionalMessage_ERROR) IP (RCC) : Invalid parameter (TIM16Freq_Value)
2020-03-24 10:25:56,148 [INFO] ImportTextPane:162 - (OptionalMessage_ERROR) IP (RCC) : Invalid parameter (TIM17Freq_Value)
2020-03-24 10:25:56,148 [INFO] ImportTextPane:162 - (OptionalMessage_ERROR) IP (RCC) : Invalid parameter (TIM1Freq_Value)
2020-03-24 10:25:56,148 [INFO] ImportTextPane:162 - (OptionalMessage_ERROR) IP (RCC) : Invalid parameter (TIM20Freq_Value)
2020-03-24 10:25:56,149 [INFO] ImportTextPane:162 - (OptionalMessage_ERROR) IP (RCC) : Invalid parameter (TIM2Freq_Value)
2020-03-24 10:25:56,149 [INFO] ImportTextPane:162 - (OptionalMessage_ERROR) IP (RCC) : Invalid parameter (TIM3Freq_Value)
2020-03-24 10:25:56,149 [INFO] ImportTextPane:162 - (OptionalMessage_ERROR) IP (RCC) : Invalid parameter (TIM8Freq_Value)
2020-03-24 10:25:56,149 [INFO] ImportTextPane:162 - (OptionalMessage_ERROR) IP (RCC) : Invalid parameter (VCOOutput2Freq_Value)
2020-03-24 10:25:56,149 [INFO] ImportTextPane:162 - (OptionalMessage_ERROR) IP (RCC) : Invalid parameter (VcooutputI2S)
2020-03-24 10:25:56,491 [INFO] UtilMem:74 - End LoadConfig() Used Memory: 305236080 Bytes (612368384)
2020-03-24 10:25:56,503 [INFO] ThirdPartyDb:295 - Open Third Party DataBase File (C:/Users/pc/.stm32cubemx/plugins/thirdparty/db/thirdparties_db.xml) : 4 ms. number of Sw pack : 11
2020-03-24 10:25:56,518 [INFO] DependencyParser:785 - This component is not compatible with the current MCU : [1584972306420]
2020-03-24 10:25:56,518 [INFO] ThirdPartyModel:521 - Component with status : MCU_INCOMPATIBLE for condition : OS Tick GTIM id : 1584972305747
2020-03-24 10:25:56,519 [INFO] DependencyParser:785 - This component is not compatible with the current MCU : [1584972308996, 1584972306503]
2020-03-24 10:25:56,584 [INFO] ThirdParty:899 - CMSIS Pack Vendor :STMicroelectronics X-CUBE-BLE1 5.0.0
2020-03-24 10:25:56,585 [INFO] ThirdParty:899 - CMSIS Pack Vendor :STMicroelectronics X-CUBE-SUBG2 1.1.0
2020-03-24 10:25:56,585 [INFO] ThirdParty:899 - CMSIS Pack Vendor :STMicroelectronics X-CUBE-GNSS1 4.1.0
2020-03-24 10:25:56,585 [INFO] ThirdParty:899 - CMSIS Pack Vendor :ARM CMSIS 5.6.0
2020-03-24 10:25:56,585 [INFO] ThirdParty:899 - CMSIS Pack Vendor :STMicroelectronics X-CUBE-TOUCHGFX 4.13.0
2020-03-24 10:25:56,585 [INFO] ThirdParty:899 - CMSIS Pack Vendor :STMicroelectronics X-CUBE-NFC4 1.5.2
2020-03-24 10:25:56,585 [INFO] ThirdParty:899 - CMSIS Pack Vendor :STMicroelectronics X-CUBE-MEMS1 7.1.0
2020-03-24 10:25:56,585 [INFO] ThirdParty:899 - CMSIS Pack Vendor :STMicroelectronics FreeRTOS 0.0.1
2020-03-24 10:25:56,585 [INFO] ThirdParty:899 - CMSIS Pack Vendor :STMicroelectronics X-CUBE-AI 5.0.0
2020-03-24 10:25:56,585 [INFO] ThirdParty:899 - CMSIS Pack Vendor :STMicroelectronics X-CUBE-BLE2 1.0.0
2020-03-24 10:25:56,829 [INFO] PinOutPanel:1420 - setPackage(No Configuration,No Configuration)
2020-03-24 10:25:56,830 [INFO] PinOutPanel:1420 - setPackage(STM32F746ZGTx,LQFP144)
2020-03-24 10:25:57,276 [INFO] UtilMem:74 - Before build in PCC Used Memory: 312683984 Bytes (612368384)
2020-03-24 10:25:57,606 [INFO] SharedServices:71 - Folder for power plug-in: C:/Users/pc/.stm32cubemx/plugins/power
2020-03-24 10:25:57,641 [INFO] SharedServices:71 - Folder for power plug-in: C:/Users/pc/.stm32cubemx/plugins/power
2020-03-24 10:25:57,680 [INFO] SharedServices:71 - Folder for power plug-in: C:/Users/pc/.stm32cubemx/plugins/power
2020-03-24 10:25:57,686 [INFO] SharedServices:71 - Folder for power plug-in: C:/Users/pc/.stm32cubemx/plugins/power
2020-03-24 10:25:57,832 [INFO] UtilMem:74 - After build in PCC Used Memory: 362679400 Bytes (612368384)
2020-03-24 10:25:57,854 [INFO] IPUIPlugin:65 - create IPUIPlugin
2020-03-24 10:25:57,854 [INFO] IPUIPlugin:65 - create IPUIPlugin
2020-03-24 10:25:57,854 [INFO] IPUIPlugin:65 - create IPUIPlugin
2020-03-24 10:25:57,854 [INFO] IPUIPlugin:65 - create IPUIPlugin
2020-03-24 10:25:57,854 [INFO] IPUIPlugin:65 - create IPUIPlugin
2020-03-24 10:25:57,854 [INFO] IPUIPlugin:65 - create IPUIPlugin
2020-03-24 10:25:57,855 [INFO] IPUIPlugin:65 - create IPUIPlugin
2020-03-24 10:25:57,855 [INFO] IPUIPlugin:65 - create IPUIPlugin
2020-03-24 10:25:57,855 [INFO] IPUIPlugin:65 - create IPUIPlugin
2020-03-24 10:25:57,855 [INFO] IPUIPlugin:65 - create IPUIPlugin
2020-03-24 10:25:57,855 [INFO] IPUIPlugin:65 - create IPUIPlugin
2020-03-24 10:25:57,855 [INFO] IPUIPlugin:65 - create IPUIPlugin
2020-03-24 10:25:57,855 [INFO] IPUIPlugin:65 - create IPUIPlugin
2020-03-24 10:25:57,855 [INFO] IPUIPlugin:65 - create IPUIPlugin
2020-03-24 10:25:57,856 [INFO] IPUIPlugin:65 - create IPUIPlugin
2020-03-24 10:25:57,856 [INFO] IPUIPlugin:65 - create IPUIPlugin
2020-03-24 10:25:57,856 [INFO] IPUIPlugin:65 - create IPUIPlugin
2020-03-24 10:25:57,856 [INFO] IPUIPlugin:65 - create IPUIPlugin
2020-03-24 10:25:57,856 [INFO] IPUIPlugin:65 - create IPUIPlugin
2020-03-24 10:25:57,856 [INFO] IPUIPlugin:65 - create IPUIPlugin
2020-03-24 10:25:57,856 [INFO] IPUIPlugin:65 - create IPUIPlugin
2020-03-24 10:25:57,856 [INFO] IPUIPlugin:65 - create IPUIPlugin
2020-03-24 10:25:57,857 [INFO] IPUIPlugin:65 - create IPUIPlugin
2020-03-24 10:25:57,857 [INFO] IPUIPlugin:65 - create IPUIPlugin
2020-03-24 10:25:57,857 [INFO] IPUIPlugin:65 - create IPUIPlugin
2020-03-24 10:25:57,857 [INFO] IPUIPlugin:65 - create IPUIPlugin
2020-03-24 10:25:57,857 [INFO] IPUIPlugin:65 - create IPUIPlugin
2020-03-24 10:25:57,857 [INFO] IPUIPlugin:65 - create IPUIPlugin
2020-03-24 10:25:57,857 [INFO] IPUIPlugin:65 - create IPUIPlugin
2020-03-24 10:25:57,858 [INFO] IPUIPlugin:65 - create IPUIPlugin
2020-03-24 10:25:57,858 [INFO] IPUIPlugin:65 - create IPUIPlugin
2020-03-24 10:25:57,858 [INFO] IPUIPlugin:65 - create IPUIPlugin
2020-03-24 10:25:57,858 [INFO] IPUIPlugin:65 - create IPUIPlugin
2020-03-24 10:25:57,858 [INFO] IPUIPlugin:65 - create IPUIPlugin
2020-03-24 10:25:57,858 [INFO] IPUIPlugin:65 - create IPUIPlugin
2020-03-24 10:25:57,859 [INFO] IPUIPlugin:65 - create IPUIPlugin
2020-03-24 10:25:57,859 [INFO] IPUIPlugin:65 - create IPUIPlugin
2020-03-24 10:25:57,859 [INFO] IPUIPlugin:65 - create IPUIPlugin
2020-03-24 10:25:57,859 [INFO] IPUIPlugin:65 - create IPUIPlugin
2020-03-24 10:25:57,859 [INFO] IPUIPlugin:65 - create IPUIPlugin
2020-03-24 10:25:57,859 [INFO] IPUIPlugin:65 - create IPUIPlugin
2020-03-24 10:25:57,860 [INFO] IPUIPlugin:65 - create IPUIPlugin
2020-03-24 10:25:57,860 [INFO] IPUIPlugin:65 - create IPUIPlugin
2020-03-24 10:25:57,860 [INFO] IPUIPlugin:65 - create IPUIPlugin
2020-03-24 10:25:57,860 [INFO] IPUIPlugin:65 - create IPUIPlugin
2020-03-24 10:25:57,860 [INFO] IPUIPlugin:65 - create IPUIPlugin
2020-03-24 10:25:57,860 [INFO] IPUIPlugin:65 - create IPUIPlugin
2020-03-24 10:25:57,860 [INFO] IPUIPlugin:65 - create IPUIPlugin
2020-03-24 10:25:57,860 [INFO] IPUIPlugin:65 - create IPUIPlugin
2020-03-24 10:25:57,861 [INFO] IPUIPlugin:65 - create IPUIPlugin
2020-03-24 10:25:57,861 [INFO] IPUIPlugin:65 - create IPUIPlugin
2020-03-24 10:25:57,861 [INFO] IPUIPlugin:65 - create IPUIPlugin
2020-03-24 10:25:57,861 [INFO] IPUIPlugin:65 - create IPUIPlugin
2020-03-24 10:25:57,861 [INFO] IPUIPlugin:65 - create IPUIPlugin
2020-03-24 10:25:57,861 [INFO] IPUIPlugin:65 - create IPUIPlugin
2020-03-24 10:25:57,861 [INFO] IPUIPlugin:65 - create IPUIPlugin
2020-03-24 10:25:57,862 [INFO] IPUIPlugin:65 - create IPUIPlugin
2020-03-24 10:25:57,862 [INFO] IPUIPlugin:65 - create IPUIPlugin
2020-03-24 10:25:57,862 [INFO] IPUIPlugin:65 - create IPUIPlugin
2020-03-24 10:25:57,862 [INFO] IPUIPlugin:65 - create IPUIPlugin
2020-03-24 10:25:57,862 [INFO] IPUIPlugin:65 - create IPUIPlugin
2020-03-24 10:25:57,862 [INFO] IPUIPlugin:65 - create IPUIPlugin
2020-03-24 10:25:57,862 [INFO] IPUIPlugin:65 - create IPUIPlugin
2020-03-24 10:25:57,863 [INFO] IPUIPlugin:65 - create IPUIPlugin
2020-03-24 10:25:57,863 [INFO] IPUIPlugin:65 - create IPUIPlugin
2020-03-24 10:25:57,863 [INFO] IPUIPlugin:65 - create IPUIPlugin
2020-03-24 10:25:57,863 [INFO] IPUIPlugin:65 - create IPUIPlugin
2020-03-24 10:25:57,863 [INFO] IPUIPlugin:65 - create IPUIPlugin
2020-03-24 10:25:57,863 [INFO] IPUIPlugin:65 - create IPUIPlugin
2020-03-24 10:25:57,863 [INFO] IPUIPlugin:65 - create IPUIPlugin
2020-03-24 10:25:57,864 [INFO] IPUIPlugin:65 - create IPUIPlugin
2020-03-24 10:25:57,864 [INFO] IPUIPlugin:65 - create IPUIPlugin
2020-03-24 10:25:57,864 [INFO] IPUIPlugin:65 - create IPUIPlugin
2020-03-24 10:25:57,864 [INFO] IPUIPlugin:65 - create IPUIPlugin
2020-03-24 10:25:57,892 [INFO] LogOutputStream:76 - [STDOUT_REDIRECT] toolchainItems.length=====1
2020-03-24 10:25:57,954 [INFO] OpenFileManager:294 - Restore cursor
2020-03-24 10:25:58,218 [INFO] UtilMem:74 - End SaveConfig() Used Memory: 464917600 Bytes (612368384)
2020-03-24 10:25:58,288 [INFO] UtilMem:74 - End SaveConfig() Used Memory: 474877032 Bytes (612368384)
2020-03-24 10:25:58,677 [INFO] BlockDiagram:2671 - set Specific Code input for plugin: SYS
2020-03-24 10:25:58,677 [INFO] BlockDiagram:2671 - set Specific Code input for plugin: RCC
2020-03-24 10:25:58,677 [INFO] BlockDiagram:2671 - set Specific Code input for plugin: USB_OTG_FS
2020-03-24 10:25:58,677 [INFO] BlockDiagram:2671 - set Specific Code input for plugin: NVIC
2020-03-24 10:25:58,677 [INFO] BlockDiagram:2671 - set Specific Code input for plugin: USART
2020-03-24 10:25:58,678 [INFO] BlockDiagram:2671 - set Specific Code input for plugin: CORTEX_M7
2020-03-24 10:25:58,678 [INFO] BlockDiagram:2671 - set Specific Code input for plugin: GPIO
2020-03-24 10:25:58,678 [INFO] BlockDiagram:2671 - set Specific Code input for plugin: ETH
2020-03-24 10:25:58,679 [INFO] CodeGenerator:603 - code generatio: config db path: C:\ST\STM32CubeIDE_1.3.0\STM32CubeIDE\plugins\com.st.stm32cube.common.mx_5.6.0.202002181639\\db\
2020-03-24 10:25:59,181 [INFO] CodeEngine:188 - oldGeneratedFile, C:\Users\pc\Documents\travail perso\pomad_remote\tuto_pomad\MXTmpFiles\license.tmp_save
2020-03-24 10:25:59,469 [INFO] CodeEngine:206 - Generated code: C:\Users\pc\Documents\travail perso\pomad_remote\tuto_pomad\MXTmpFiles\license.tmp
2020-03-24 10:25:59,581 [INFO] CodeEngine:188 - oldGeneratedFile, C:\Users\pc\Documents\travail perso\pomad_remote\tuto_pomad\MXTmpFiles\gpio.tmp_save
2020-03-24 10:25:59,676 [INFO] CodeEngine:206 - Generated code: C:\Users\pc\Documents\travail perso\pomad_remote\tuto_pomad\MXTmpFiles\gpio.tmp
2020-03-24 10:25:59,907 [INFO] LogOutputStream:76 - [STDOUT_REDIRECT] Command line
2020-03-24 10:25:59,908 [INFO] LogOutputStream:76 - [STDOUT_REDIRECT] Debug : prepare data for CORTEX_M7
2020-03-24 10:25:59,908 [INFO] LogOutputStream:76 - [STDOUT_REDIRECT] Command line test
2020-03-24 10:25:59,929 [INFO] CodeEngine:188 - oldGeneratedFile, C:\Users\pc\Documents\travail perso\pomad_remote\tuto_pomad\MXTmpFiles\cortex.tmp_save
2020-03-24 10:25:59,998 [INFO] CodeEngine:206 - Generated code: C:\Users\pc\Documents\travail perso\pomad_remote\tuto_pomad\MXTmpFiles\cortex.tmp
2020-03-24 10:26:00,000 [INFO] LogOutputStream:76 - [STDOUT_REDIRECT] Command line
2020-03-24 10:26:00,002 [INFO] LogOutputStream:76 - [STDOUT_REDIRECT] Debug : prepare data for ETH
2020-03-24 10:26:00,003 [INFO] LogOutputStream:76 - [STDOUT_REDIRECT] Command line test
2020-03-24 10:26:00,004 [INFO] LogOutputStream:76 - [STDOUT_REDIRECT] Command line
2020-03-24 10:26:00,005 [INFO] LogOutputStream:76 - [STDOUT_REDIRECT] Debug : prepare data for USART
2020-03-24 10:26:00,005 [INFO] LogOutputStream:76 - [STDOUT_REDIRECT] Command line test
2020-03-24 10:26:00,007 [INFO] LogOutputStream:76 - [STDOUT_REDIRECT] Command line
2020-03-24 10:26:00,008 [INFO] LogOutputStream:76 - [STDOUT_REDIRECT] Debug : prepare data for USB_OTG
2020-03-24 10:26:00,008 [INFO] LogOutputStream:76 - [STDOUT_REDIRECT] Command line test
2020-03-24 10:26:00,010 [INFO] LogOutputStream:76 - [STDOUT_REDIRECT] Debug : prepare data for NVIC
2020-03-24 10:26:00,011 [INFO] LogOutputStream:76 - [STDOUT_REDIRECT] Command line test
2020-03-24 10:26:00,033 [INFO] CodeEngine:188 - oldGeneratedFile, C:\Users\pc\Documents\travail perso\pomad_remote\tuto_pomad\Core\Src\stm32f7xx_it.c_save
2020-03-24 10:26:00,143 [INFO] CodeEngine:206 - Generated code: C:\Users\pc\Documents\travail perso\pomad_remote\tuto_pomad\Core\Src\stm32f7xx_it.c
2020-03-24 10:26:00,165 [INFO] CodeEngine:188 - oldGeneratedFile, C:\Users\pc\Documents\travail perso\pomad_remote\tuto_pomad\Core\Inc\stm32f7xx_it.h_save
2020-03-24 10:26:00,233 [INFO] CodeEngine:206 - Generated code: C:\Users\pc\Documents\travail perso\pomad_remote\tuto_pomad\Core\Inc\stm32f7xx_it.h
2020-03-24 10:26:00,258 [INFO] CodeEngine:188 - oldGeneratedFile, C:\Users\pc\Documents\travail perso\pomad_remote\tuto_pomad\Core\Src\stm32f7xx_hal_msp.c_save
2020-03-24 10:26:00,373 [INFO] CodeEngine:206 - Generated code: C:\Users\pc\Documents\travail perso\pomad_remote\tuto_pomad\Core\Src\stm32f7xx_hal_msp.c
2020-03-24 10:26:00,391 [INFO] CodeEngine:188 - oldGeneratedFile, C:\Users\pc\Documents\travail perso\pomad_remote\tuto_pomad\MXTmpFiles\system.tmp_save
2020-03-24 10:26:00,452 [INFO] CodeEngine:206 - Generated code: C:\Users\pc\Documents\travail perso\pomad_remote\tuto_pomad\MXTmpFiles\system.tmp
2020-03-24 10:26:00,475 [INFO] CodeEngine:188 - oldGeneratedFile, C:\Users\pc\Documents\travail perso\pomad_remote\tuto_pomad\Core\Inc\stm32f7xx_hal_conf.h_save
2020-03-24 10:26:00,560 [INFO] CodeEngine:206 - Generated code: C:\Users\pc\Documents\travail perso\pomad_remote\tuto_pomad\Core\Inc\stm32f7xx_hal_conf.h
2020-03-24 10:26:00,576 [WARN] IPConfigManager:2701 - IP not found : USB_OTG
2020-03-24 10:26:00,577 [WARN] IPConfigManager:2701 - IP not found : gpio
2020-03-24 10:26:00,577 [WARN] CodeGenerator:2649 - IP not found : USB_OTG
2020-03-24 10:26:00,577 [WARN] CodeGenerator:2649 - IP not found : gpio
2020-03-24 10:26:00,598 [INFO] CodeEngine:188 - oldGeneratedFile, C:\Users\pc\Documents\travail perso\pomad_remote\tuto_pomad\Core\Inc\main.h_save
2020-03-24 10:26:00,671 [INFO] CodeEngine:206 - Generated code: C:\Users\pc\Documents\travail perso\pomad_remote\tuto_pomad\Core\Inc\main.h
2020-03-24 10:26:00,693 [INFO] CodeEngine:188 - oldGeneratedFile, C:\Users\pc\Documents\travail perso\pomad_remote\tuto_pomad\Core\Src\main.c_save
2020-03-24 10:26:00,829 [INFO] CodeEngine:206 - Generated code: C:\Users\pc\Documents\travail perso\pomad_remote\tuto_pomad\Core\Src\main.c
2020-03-24 10:26:01,400 [INFO] ProjectBuilder:2002 - Time for Copy HAL[1] : 102mS.
2020-03-24 10:26:01,404 [INFO] ProjectBuilder:2727 - Project Generator version: 3.7.1
2020-03-24 10:26:01,767 [INFO] ConfigFileManager:1066 - The Die is : DIE449
2020-03-24 10:26:06,001 [INFO] ProjectBuilder:2894 - Time for Generating toolchain IDE Files: 4597mS.
2020-03-24 10:26:06,002 [INFO] ProjectBuilder:1878 - Time for Copy CMSIS : 1mS.
2020-03-24 10:26:06,004 [INFO] ProjectBuilder:1878 - Time for Copy CMSIS : 0mS.
